Build started 10/27/2014 9:14:51 PM.
     1>Project "E:\Documents\_School\ECE402\FLTK_PDEViewer\PDEViewer\PDEViewer.vcxproj" on node 2 (Build target(s)).
     1>ClCompile:
         C:\Program Files (x86)\Microsoft Visual Studio 12.0\VC\bin\CL.exe /c /IE:\Documents\_School\ECE402\FLTK_PDEViewer\PDEViewer\/include /IE:\Documents\_School\ECE402\FLTK_PDEViewer\PDEViewer\/fltk /ZI /nologo /W3 /WX- /Od /Oy- /D _MBCS /Gm /EHsc /RTC1 /MDd /GS /fp:precise /Zc:wchar_t /Zc:forScope /Fo"Debug\\" /Fd"Debug\vc120.pdb" /Gd /TP /analyze- /errorReport:prompt src\ctrlsliders.cpp
         ctrlsliders.cpp
     1>e:\documents\_school\ece402\fltk_pdeviewer\pdeviewer\include\mgl2\abstract.h(122): warning C4251: 'mglDataA::s' : class 'std::basic_string<wchar_t,std::char_traits<wchar_t>,std::allocator<wchar_t>>' needs to have dll-interface to be used by clients of class 'mglDataA'
     1>e:\documents\_school\ece402\fltk_pdeviewer\pdeviewer\include\mgl2\abstract.h(199): warning C4800: 'int' : forcing value to bool 'true' or 'false' (performance warning)
     1>e:\documents\_school\ece402\fltk_pdeviewer\pdeviewer\include\mgl2\pde.h(37): warning C4190: 'ham' has C-linkage specified, but returns UDT 'std::complex<double>' which is incompatible with C
                 c:\program files (x86)\microsoft visual studio 12.0\vc\include\complex(846) : see declaration of 'std::complex<double>'
     1>e:\documents\_school\ece402\fltk_pdeviewer\pdeviewer\include\mgl2\pde.h(41): warning C4190: 'ham' has C-linkage specified, but returns UDT 'std::complex<double>' which is incompatible with C
                 c:\program files (x86)\microsoft visual studio 12.0\vc\include\complex(846) : see declaration of 'std::complex<double>'
     1>e:\documents\_school\ece402\fltk_pdeviewer\pdeviewer\include\mgl2\pde.h(45): warning C4190: 'ham' has C-linkage specified, but returns UDT 'std::complex<double>' which is incompatible with C
                 c:\program files (x86)\microsoft visual studio 12.0\vc\include\complex(846) : see declaration of 'std::complex<double>'
     1>e:\documents\_school\ece402\fltk_pdeviewer\pdeviewer\include\mgl2\pde.h(49): warning C4190: 'ham' has C-linkage specified, but returns UDT 'std::complex<double>' which is incompatible with C
                 c:\program files (x86)\microsoft visual studio 12.0\vc\include\complex(846) : see declaration of 'std::complex<double>'
     1>e:\documents\_school\ece402\fltk_pdeviewer\pdeviewer\include\mgl2\data.h(39): warning C4251: 'mglData::id' : class 'std::basic_string<char,std::char_traits<char>,std::allocator<char>>' needs to have dll-interface to be used by clients of class 'mglData'
     1>e:\documents\_school\ece402\fltk_pdeviewer\pdeviewer\include\mgl2\data.h(214): warning C4800: 'int' : forcing value to bool 'true' or 'false' (performance warning)
     1>e:\documents\_school\ece402\fltk_pdeviewer\pdeviewer\include\mgl2\data.h(217): warning C4800: 'int' : forcing value to bool 'true' or 'false' (performance warning)
     1>e:\documents\_school\ece402\fltk_pdeviewer\pdeviewer\include\mgl2\data.h(223): warning C4800: 'int' : forcing value to bool 'true' or 'false' (performance warning)
     1>e:\documents\_school\ece402\fltk_pdeviewer\pdeviewer\include\mgl2\data.h(226): warning C4800: 'int' : forcing value to bool 'true' or 'false' (performance warning)
     1>e:\documents\_school\ece402\fltk_pdeviewer\pdeviewer\include\mgl2\data.h(229): warning C4800: 'int' : forcing value to bool 'true' or 'false' (performance warning)
     1>e:\documents\_school\ece402\fltk_pdeviewer\pdeviewer\include\mgl2\data.h(685): warning C4251: 'mglDataF::str' : class 'std::basic_string<char,std::char_traits<char>,std::allocator<char>>' needs to have dll-interface to be used by clients of class 'mglDataF'
     1>e:\documents\_school\ece402\fltk_pdeviewer\pdeviewer\include\mgl2\datac_cf.h(46): warning C4190: 'mgl_ipowc' has C-linkage specified, but returns UDT 'std::complex<double>' which is incompatible with C
                 c:\program files (x86)\microsoft visual studio 12.0\vc\include\complex(846) : see declaration of 'std::complex<double>'
     1>e:\documents\_school\ece402\fltk_pdeviewer\pdeviewer\include\mgl2\datac_cf.h(47): warning C4190: 'mgl_ipowc_' has C-linkage specified, but returns UDT 'std::complex<double>' which is incompatible with C
                 c:\program files (x86)\microsoft visual studio 12.0\vc\include\complex(846) : see declaration of 'std::complex<double>'
     1>e:\documents\_school\ece402\fltk_pdeviewer\pdeviewer\include\mgl2\datac_cf.h(49): warning C4190: 'mgl_expi' has C-linkage specified, but returns UDT 'std::complex<double>' which is incompatible with C
                 c:\program files (x86)\microsoft visual studio 12.0\vc\include\complex(846) : see declaration of 'std::complex<double>'
     1>e:\documents\_school\ece402\fltk_pdeviewer\pdeviewer\include\mgl2\datac_cf.h(90): warning C4190: 'mgl_datac_get_value' has C-linkage specified, but returns UDT 'std::complex<double>' which is incompatible with C
                 c:\program files (x86)\microsoft visual studio 12.0\vc\include\complex(846) : see declaration of 'std::complex<double>'
     1>e:\documents\_school\ece402\fltk_pdeviewer\pdeviewer\include\mgl2\datac_cf.h(91): warning C4190: 'mgl_datac_get_value_' has C-linkage specified, but returns UDT 'std::complex<double>' which is incompatible with C
                 c:\program files (x86)\microsoft visual studio 12.0\vc\include\complex(846) : see declaration of 'std::complex<double>'
     1>e:\documents\_school\ece402\fltk_pdeviewer\pdeviewer\include\mgl2\datac_cf.h(262): warning C4190: 'mgl_datac_linear' has C-linkage specified, but returns UDT 'std::complex<double>' which is incompatible with C
                 c:\program files (x86)\microsoft visual studio 12.0\vc\include\complex(846) : see declaration of 'std::complex<double>'
     1>e:\documents\_school\ece402\fltk_pdeviewer\pdeviewer\include\mgl2\datac_cf.h(263): warning C4190: 'mgl_datac_linear_' has C-linkage specified, but returns UDT 'std::complex<double>' which is incompatible with C
                 c:\program files (x86)\microsoft visual studio 12.0\vc\include\complex(846) : see declaration of 'std::complex<double>'
     1>e:\documents\_school\ece402\fltk_pdeviewer\pdeviewer\include\mgl2\datac_cf.h(265): warning C4190: 'mgl_datac_linear_ext' has C-linkage specified, but returns UDT 'std::complex<double>' which is incompatible with C
                 c:\program files (x86)\microsoft visual studio 12.0\vc\include\complex(846) : see declaration of 'std::complex<double>'
     1>e:\documents\_school\ece402\fltk_pdeviewer\pdeviewer\include\mgl2\datac_cf.h(266): warning C4190: 'mgl_datac_linear_ext_' has C-linkage specified, but returns UDT 'std::complex<double>' which is incompatible with C
                 c:\program files (x86)\microsoft visual studio 12.0\vc\include\complex(846) : see declaration of 'std::complex<double>'
     1>e:\documents\_school\ece402\fltk_pdeviewer\pdeviewer\include\mgl2\datac_cf.h(268): warning C4190: 'mgl_datac_spline' has C-linkage specified, but returns UDT 'std::complex<double>' which is incompatible with C
                 c:\program files (x86)\microsoft visual studio 12.0\vc\include\complex(846) : see declaration of 'std::complex<double>'
     1>e:\documents\_school\ece402\fltk_pdeviewer\pdeviewer\include\mgl2\datac_cf.h(269): warning C4190: 'mgl_datac_spline_' has C-linkage specified, but returns UDT 'std::complex<double>' which is incompatible with C
                 c:\program files (x86)\microsoft visual studio 12.0\vc\include\complex(846) : see declaration of 'std::complex<double>'
     1>e:\documents\_school\ece402\fltk_pdeviewer\pdeviewer\include\mgl2\datac_cf.h(271): warning C4190: 'mgl_datac_spline_ext' has C-linkage specified, but returns UDT 'std::complex<double>' which is incompatible with C
                 c:\program files (x86)\microsoft visual studio 12.0\vc\include\complex(846) : see declaration of 'std::complex<double>'
     1>e:\documents\_school\ece402\fltk_pdeviewer\pdeviewer\include\mgl2\datac_cf.h(272): warning C4190: 'mgl_datac_spline_ext_' has C-linkage specified, but returns UDT 'std::complex<double>' which is incompatible with C
                 c:\program files (x86)\microsoft visual studio 12.0\vc\include\complex(846) : see declaration of 'std::complex<double>'
     1>e:\documents\_school\ece402\fltk_pdeviewer\pdeviewer\include\mgl2\datac_cf.h(277): warning C4190: 'mgl_gsplinec' has C-linkage specified, but returns UDT 'std::complex<double>' which is incompatible with C
                 c:\program files (x86)\microsoft visual studio 12.0\vc\include\complex(846) : see declaration of 'std::complex<double>'
     1>e:\documents\_school\ece402\fltk_pdeviewer\pdeviewer\include\mgl2\datac_cf.h(278): warning C4190: 'mgl_gsplinec_' has C-linkage specified, but returns UDT 'std::complex<double>' which is incompatible with C
                 c:\program files (x86)\microsoft visual studio 12.0\vc\include\complex(846) : see declaration of 'std::complex<double>'
     1>e:\documents\_school\ece402\fltk_pdeviewer\pdeviewer\include\mgl2\datac_cf.h(287): warning C4190: 'mgl_cexpr_eval' has C-linkage specified, but returns UDT 'std::complex<double>' which is incompatible with C
                 c:\program files (x86)\microsoft visual studio 12.0\vc\include\complex(846) : see declaration of 'std::complex<double>'
     1>e:\documents\_school\ece402\fltk_pdeviewer\pdeviewer\include\mgl2\datac_cf.h(288): warning C4190: 'mgl_cexpr_eval_' has C-linkage specified, but returns UDT 'std::complex<double>' which is incompatible with C
                 c:\program files (x86)\microsoft visual studio 12.0\vc\include\complex(846) : see declaration of 'std::complex<double>'
     1>e:\documents\_school\ece402\fltk_pdeviewer\pdeviewer\include\mgl2\datac_cf.h(290): warning C4190: 'mgl_cexpr_eval_v' has C-linkage specified, but returns UDT 'std::complex<double>' which is incompatible with C
                 c:\program files (x86)\microsoft visual studio 12.0\vc\include\complex(846) : see declaration of 'std::complex<double>'
     1>e:\documents\_school\ece402\fltk_pdeviewer\pdeviewer\include\mgl2\datac.h(42): warning C4251: 'mglDataC::id' : class 'std::basic_string<char,std::char_traits<char>,std::allocator<char>>' needs to have dll-interface to be used by clients of class 'mglDataC'
     1>e:\documents\_school\ece402\fltk_pdeviewer\pdeviewer\include\mgl2\datac.h(194): warning C4800: 'int' : forcing value to bool 'true' or 'false' (performance warning)
     1>e:\documents\_school\ece402\fltk_pdeviewer\pdeviewer\include\mgl2\datac.h(197): warning C4800: 'int' : forcing value to bool 'true' or 'false' (performance warning)
     1>e:\documents\_school\ece402\fltk_pdeviewer\pdeviewer\include\mgl2\datac.h(203): warning C4800: 'int' : forcing value to bool 'true' or 'false' (performance warning)
     1>e:\documents\_school\ece402\fltk_pdeviewer\pdeviewer\include\mgl2\datac.h(206): warning C4800: 'int' : forcing value to bool 'true' or 'false' (performance warning)
     1>e:\documents\_school\ece402\fltk_pdeviewer\pdeviewer\include\mgl2\datac.h(209): warning C4800: 'int' : forcing value to bool 'true' or 'false' (performance warning)
     1>e:\documents\_school\ece402\fltk_pdeviewer\pdeviewer\include\mgl2\mgl.h(64): warning C4800: 'int' : forcing value to bool 'true' or 'false' (performance warning)
       Link:
         C:\Program Files (x86)\Microsoft Visual Studio 12.0\VC\bin\link.exe /ERRORREPORT:PROMPT /OUT:"E:\Documents\_School\ECE402\FLTK_PDEViewer\Debug\PDEViewer.exe" /INCREMENTAL /NOLOGO /LIBPATH:E:\Documents\_School\ECE402\FLTK_PDEViewer\PDEViewer\/lib kernel32.lib user32.lib gdi32.lib winspool.lib comdlg32.lib advapi32.lib shell32.lib ole32.lib oleaut32.lib uuid.lib odbc32.lib odbccp32.lib "E:\Documents\_School\ECE402\FLTK_PDEViewer\PDEViewer\\fltk\lib\*.lib" kernel32.lib user32.lib gdi32.lib winspool.lib comdlg32.lib advapi32.lib shell32.lib ole32.lib oleaut32.lib uuid.lib odbc32.lib odbccp32.lib /MANIFEST /MANIFESTUAC:"level='asInvoker' uiAccess='false'" /manifest:embed /DEBUG /PDB:"E:\Documents\_School\ECE402\FLTK_PDEViewer\Debug\PDEViewer.pdb" /TLBID:1 /DYNAMICBASE /NXCOMPAT /IMPLIB:"E:\Documents\_School\ECE402\FLTK_PDEViewer\Debug\PDEViewer.lib" /MACHINE:X86 Debug\MglWrapper.obj
         Debug\ctrlcmd.obj
         Debug\ctrlgui.obj
         Debug\ctrlmenubar.obj
         Debug\ctrlsliders.obj
         Debug\guiview.obj
         Debug\initview.obj
         Debug\main.obj
         Debug\sliderbox.obj
     1>fltkd.lib(case.obj) : warning LNK4099: PDB 'vc100.pdb' was not found with 'fltkd.lib(case.obj)' or at 'E:\Documents\_School\ECE402\FLTK_PDEViewer\Debug\vc100.pdb'; linking object as if no debug info
     1>fltkd.lib(filename_absolute.obj) : warning LNK4099: PDB 'vc100.pdb' was not found with 'fltkd.lib(filename_absolute.obj)' or at 'E:\Documents\_School\ECE402\FLTK_PDEViewer\Debug\vc100.pdb'; linking object as if no debug info
     1>fltkd.lib(filename_expand.obj) : warning LNK4099: PDB 'vc100.pdb' was not found with 'fltkd.lib(filename_expand.obj)' or at 'E:\Documents\_School\ECE402\FLTK_PDEViewer\Debug\vc100.pdb'; linking object as if no debug info
     1>fltkd.lib(filename_isdir.obj) : warning LNK4099: PDB 'vc100.pdb' was not found with 'fltkd.lib(filename_isdir.obj)' or at 'E:\Documents\_School\ECE402\FLTK_PDEViewer\Debug\vc100.pdb'; linking object as if no debug info
     1>fltkd.lib(filename_list.obj) : warning LNK4099: PDB 'vc100.pdb' was not found with 'fltkd.lib(filename_list.obj)' or at 'E:\Documents\_School\ECE402\FLTK_PDEViewer\Debug\vc100.pdb'; linking object as if no debug info
     1>fltkd.lib(filename_match.obj) : warning LNK4099: PDB 'vc100.pdb' was not found with 'fltkd.lib(filename_match.obj)' or at 'E:\Documents\_School\ECE402\FLTK_PDEViewer\Debug\vc100.pdb'; linking object as if no debug info
     1>fltkd.lib(Fl.obj) : warning LNK4099: PDB 'vc100.pdb' was not found with 'fltkd.lib(Fl.obj)' or at 'E:\Documents\_School\ECE402\FLTK_PDEViewer\Debug\vc100.pdb'; linking object as if no debug info
     1>fltkd.lib(Fl_abort.obj) : warning LNK4099: PDB 'vc100.pdb' was not found with 'fltkd.lib(Fl_abort.obj)' or at 'E:\Documents\_School\ECE402\FLTK_PDEViewer\Debug\vc100.pdb'; linking object as if no debug info
     1>fltkd.lib(fl_arc.obj) : warning LNK4099: PDB 'vc100.pdb' was not found with 'fltkd.lib(fl_arc.obj)' or at 'E:\Documents\_School\ECE402\FLTK_PDEViewer\Debug\vc100.pdb'; linking object as if no debug info
     1>fltkd.lib(fl_arci.obj) : warning LNK4099: PDB 'vc100.pdb' was not found with 'fltkd.lib(fl_arci.obj)' or at 'E:\Documents\_School\ECE402\FLTK_PDEViewer\Debug\vc100.pdb'; linking object as if no debug info
     1>fltkd.lib(fl_ask.obj) : warning LNK4099: PDB 'vc100.pdb' was not found with 'fltkd.lib(fl_ask.obj)' or at 'E:\Documents\_School\ECE402\FLTK_PDEViewer\Debug\vc100.pdb'; linking object as if no debug info
     1>fltkd.lib(Fl_Bitmap.obj) : warning LNK4099: PDB 'vc100.pdb' was not found with 'fltkd.lib(Fl_Bitmap.obj)' or at 'E:\Documents\_School\ECE402\FLTK_PDEViewer\Debug\vc100.pdb'; linking object as if no debug info
     1>fltkd.lib(Fl_Box.obj) : warning LNK4099: PDB 'vc100.pdb' was not found with 'fltkd.lib(Fl_Box.obj)' or at 'E:\Documents\_School\ECE402\FLTK_PDEViewer\Debug\vc100.pdb'; linking object as if no debug info
     1>fltkd.lib(fl_boxtype.obj) : warning LNK4099: PDB 'vc100.pdb' was not found with 'fltkd.lib(fl_boxtype.obj)' or at 'E:\Documents\_School\ECE402\FLTK_PDEViewer\Debug\vc100.pdb'; linking object as if no debug info
     1>fltkd.lib(Fl_Browser.obj) : warning LNK4099: PDB 'vc100.pdb' was not found with 'fltkd.lib(Fl_Browser.obj)' or at 'E:\Documents\_School\ECE402\FLTK_PDEViewer\Debug\vc100.pdb'; linking object as if no debug info
     1>fltkd.lib(Fl_Browser_.obj) : warning LNK4099: PDB 'vc100.pdb' was not found with 'fltkd.lib(Fl_Browser_.obj)' or at 'E:\Documents\_School\ECE402\FLTK_PDEViewer\Debug\vc100.pdb'; linking object as if no debug info
     1>fltkd.lib(Fl_Button.obj) : warning LNK4099: PDB 'vc100.pdb' was not found with 'fltkd.lib(Fl_Button.obj)' or at 'E:\Documents\_School\ECE402\FLTK_PDEViewer\Debug\vc100.pdb'; linking object as if no debug info
     1>fltkd.lib(Fl_Check_Button.obj) : warning LNK4099: PDB 'vc100.pdb' was not found with 'fltkd.lib(Fl_Check_Button.obj)' or at 'E:\Documents\_School\ECE402\FLTK_PDEViewer\Debug\vc100.pdb'; linking object as if no debug info
     1>fltkd.lib(Fl_Choice.obj) : warning LNK4099: PDB 'vc100.pdb' was not found with 'fltkd.lib(Fl_Choice.obj)' or at 'E:\Documents\_School\ECE402\FLTK_PDEViewer\Debug\vc100.pdb'; linking object as if no debug info
     1>fltkd.lib(fl_color.obj) : warning LNK4099: PDB 'vc100.pdb' was not found with 'fltkd.lib(fl_color.obj)' or at 'E:\Documents\_School\ECE402\FLTK_PDEViewer\Debug\vc100.pdb'; linking object as if no debug info
     1>fltkd.lib(Fl_compose.obj) : warning LNK4099: PDB 'vc100.pdb' was not found with 'fltkd.lib(Fl_compose.obj)' or at 'E:\Documents\_School\ECE402\FLTK_PDEViewer\Debug\vc100.pdb'; linking object as if no debug info
     1>fltkd.lib(fl_cursor.obj) : warning LNK4099: PDB 'vc100.pdb' was not found with 'fltkd.lib(fl_cursor.obj)' or at 'E:\Documents\_School\ECE402\FLTK_PDEViewer\Debug\vc100.pdb'; linking object as if no debug info
     1>fltkd.lib(fl_curve.obj) : warning LNK4099: PDB 'vc100.pdb' was not found with 'fltkd.lib(fl_curve.obj)' or at 'E:\Documents\_School\ECE402\FLTK_PDEViewer\Debug\vc100.pdb'; linking object as if no debug info
     1>fltkd.lib(Fl_Device.obj) : warning LNK4099: PDB 'vc100.pdb' was not found with 'fltkd.lib(Fl_Device.obj)' or at 'E:\Documents\_School\ECE402\FLTK_PDEViewer\Debug\vc100.pdb'; linking object as if no debug info
     1>fltkd.lib(fl_dnd.obj) : warning LNK4099: PDB 'vc100.pdb' was not found with 'fltkd.lib(fl_dnd.obj)' or at 'E:\Documents\_School\ECE402\FLTK_PDEViewer\Debug\vc100.pdb'; linking object as if no debug info
     1>fltkd.lib(Fl_Double_Window.obj) : warning LNK4099: PDB 'vc100.pdb' was not found with 'fltkd.lib(Fl_Double_Window.obj)' or at 'E:\Documents\_School\ECE402\FLTK_PDEViewer\Debug\vc100.pdb'; linking object as if no debug info
     1>fltkd.lib(fl_draw.obj) : warning LNK4099: PDB 'vc100.pdb' was not found with 'fltkd.lib(fl_draw.obj)' or at 'E:\Documents\_School\ECE402\FLTK_PDEViewer\Debug\vc100.pdb'; linking object as if no debug info
     1>fltkd.lib(fl_draw_image.obj) : warning LNK4099: PDB 'vc100.pdb' was not found with 'fltkd.lib(fl_draw_image.obj)' or at 'E:\Documents\_School\ECE402\FLTK_PDEViewer\Debug\vc100.pdb'; linking object as if no debug info
     1>fltkd.lib(fl_draw_pixmap.obj) : warning LNK4099: PDB 'vc100.pdb' was not found with 'fltkd.lib(fl_draw_pixmap.obj)' or at 'E:\Documents\_School\ECE402\FLTK_PDEViewer\Debug\vc100.pdb'; linking object as if no debug info
     1>fltkd.lib(Fl_File_Browser.obj) : warning LNK4099: PDB 'vc100.pdb' was not found with 'fltkd.lib(Fl_File_Browser.obj)' or at 'E:\Documents\_School\ECE402\FLTK_PDEViewer\Debug\vc100.pdb'; linking object as if no debug info
     1>fltkd.lib(Fl_File_Chooser.obj) : warning LNK4099: PDB 'vc100.pdb' was not found with 'fltkd.lib(Fl_File_Chooser.obj)' or at 'E:\Documents\_School\ECE402\FLTK_PDEViewer\Debug\vc100.pdb'; linking object as if no debug info
     1>fltkd.lib(Fl_File_Chooser2.obj) : warning LNK4099: PDB 'vc100.pdb' was not found with 'fltkd.lib(Fl_File_Chooser2.obj)' or at 'E:\Documents\_School\ECE402\FLTK_PDEViewer\Debug\vc100.pdb'; linking object as if no debug info
     1>fltkd.lib(fl_file_dir.obj) : warning LNK4099: PDB 'vc100.pdb' was not found with 'fltkd.lib(fl_file_dir.obj)' or at 'E:\Documents\_School\ECE402\FLTK_PDEViewer\Debug\vc100.pdb'; linking object as if no debug info
     1>fltkd.lib(Fl_File_Icon.obj) : warning LNK4099: PDB 'vc100.pdb' was not found with 'fltkd.lib(Fl_File_Icon.obj)' or at 'E:\Documents\_School\ECE402\FLTK_PDEViewer\Debug\vc100.pdb'; linking object as if no debug info
     1>fltkd.lib(Fl_File_Input.obj) : warning LNK4099: PDB 'vc100.pdb' was not found with 'fltkd.lib(Fl_File_Input.obj)' or at 'E:\Documents\_School\ECE402\FLTK_PDEViewer\Debug\vc100.pdb'; linking object as if no debug info
     1>fltkd.lib(fl_font.obj) : warning LNK4099: PDB 'vc100.pdb' was not found with 'fltkd.lib(fl_font.obj)' or at 'E:\Documents\_School\ECE402\FLTK_PDEViewer\Debug\vc100.pdb'; linking object as if no debug info
     1>fltkd.lib(Fl_get_system_colors.obj) : warning LNK4099: PDB 'vc100.pdb' was not found with 'fltkd.lib(Fl_get_system_colors.obj)' or at 'E:\Documents\_School\ECE402\FLTK_PDEViewer\Debug\vc100.pdb'; linking object as if no debug info
     1>fltkd.lib(Fl_grab.obj) : warning LNK4099: PDB 'vc100.pdb' was not found with 'fltkd.lib(Fl_grab.obj)' or at 'E:\Documents\_School\ECE402\FLTK_PDEViewer\Debug\vc100.pdb'; linking object as if no debug info
     1>fltkd.lib(Fl_Group.obj) : warning LNK4099: PDB 'vc100.pdb' was not found with 'fltkd.lib(Fl_Group.obj)' or at 'E:\Documents\_School\ECE402\FLTK_PDEViewer\Debug\vc100.pdb'; linking object as if no debug info
     1>fltkd.lib(fl_gtk.obj) : warning LNK4099: PDB 'vc100.pdb' was not found with 'fltkd.lib(fl_gtk.obj)' or at 'E:\Documents\_School\ECE402\FLTK_PDEViewer\Debug\vc100.pdb'; linking object as if no debug info
     1>fltkd.lib(Fl_Image.obj) : warning LNK4099: PDB 'vc100.pdb' was not found with 'fltkd.lib(Fl_Image.obj)' or at 'E:\Documents\_School\ECE402\FLTK_PDEViewer\Debug\vc100.pdb'; linking object as if no debug info
     1>fltkd.lib(Fl_Input.obj) : warning LNK4099: PDB 'vc100.pdb' was not found with 'fltkd.lib(Fl_Input.obj)' or at 'E:\Documents\_School\ECE402\FLTK_PDEViewer\Debug\vc100.pdb'; linking object as if no debug info
     1>fltkd.lib(Fl_Input_.obj) : warning LNK4099: PDB 'vc100.pdb' was not found with 'fltkd.lib(Fl_Input_.obj)' or at 'E:\Documents\_School\ECE402\FLTK_PDEViewer\Debug\vc100.pdb'; linking object as if no debug info
     1>fltkd.lib(fl_labeltype.obj) : warning LNK4099: PDB 'vc100.pdb' was not found with 'fltkd.lib(fl_labeltype.obj)' or at 'E:\Documents\_School\ECE402\FLTK_PDEViewer\Debug\vc100.pdb'; linking object as if no debug info
     1>fltkd.lib(Fl_Light_Button.obj) : warning LNK4099: PDB 'vc100.pdb' was not found with 'fltkd.lib(Fl_Light_Button.obj)' or at 'E:\Documents\_School\ECE402\FLTK_PDEViewer\Debug\vc100.pdb'; linking object as if no debug info
     1>fltkd.lib(fl_line_style.obj) : warning LNK4099: PDB 'vc100.pdb' was not found with 'fltkd.lib(fl_line_style.obj)' or at 'E:\Documents\_School\ECE402\FLTK_PDEViewer\Debug\vc100.pdb'; linking object as if no debug info
     1>fltkd.lib(Fl_lock.obj) : warning LNK4099: PDB 'vc100.pdb' was not found with 'fltkd.lib(Fl_lock.obj)' or at 'E:\Documents\_School\ECE402\FLTK_PDEViewer\Debug\vc100.pdb'; linking object as if no debug info
     1>fltkd.lib(Fl_Menu.obj) : warning LNK4099: PDB 'vc100.pdb' was not found with 'fltkd.lib(Fl_Menu.obj)' or at 'E:\Documents\_School\ECE402\FLTK_PDEViewer\Debug\vc100.pdb'; linking object as if no debug info
     1>fltkd.lib(Fl_Menu_.obj) : warning LNK4099: PDB 'vc100.pdb' was not found with 'fltkd.lib(Fl_Menu_.obj)' or at 'E:\Documents\_School\ECE402\FLTK_PDEViewer\Debug\vc100.pdb'; linking object as if no debug info
     1>fltkd.lib(Fl_Menu_add.obj) : warning LNK4099: PDB 'vc100.pdb' was not found with 'fltkd.lib(Fl_Menu_add.obj)' or at 'E:\Documents\_School\ECE402\FLTK_PDEViewer\Debug\vc100.pdb'; linking object as if no debug info
     1>fltkd.lib(Fl_Menu_Bar.obj) : warning LNK4099: PDB 'vc100.pdb' was not found with 'fltkd.lib(Fl_Menu_Bar.obj)' or at 'E:\Documents\_School\ECE402\FLTK_PDEViewer\Debug\vc100.pdb'; linking object as if no debug info
     1>fltkd.lib(Fl_Menu_Button.obj) : warning LNK4099: PDB 'vc100.pdb' was not found with 'fltkd.lib(Fl_Menu_Button.obj)' or at 'E:\Documents\_School\ECE402\FLTK_PDEViewer\Debug\vc100.pdb'; linking object as if no debug info
     1>fltkd.lib(Fl_Menu_Window.obj) : warning LNK4099: PDB 'vc100.pdb' was not found with 'fltkd.lib(Fl_Menu_Window.obj)' or at 'E:\Documents\_School\ECE402\FLTK_PDEViewer\Debug\vc100.pdb'; linking object as if no debug info
     1>fltkd.lib(Fl_Overlay_Window.obj) : warning LNK4099: PDB 'vc100.pdb' was not found with 'fltkd.lib(Fl_Overlay_Window.obj)' or at 'E:\Documents\_School\ECE402\FLTK_PDEViewer\Debug\vc100.pdb'; linking object as if no debug info
     1>fltkd.lib(Fl_Pack.obj) : warning LNK4099: PDB 'vc100.pdb' was not found with 'fltkd.lib(Fl_Pack.obj)' or at 'E:\Documents\_School\ECE402\FLTK_PDEViewer\Debug\vc100.pdb'; linking object as if no debug info
     1>fltkd.lib(Fl_Pixmap.obj) : warning LNK4099: PDB 'vc100.pdb' was not found with 'fltkd.lib(Fl_Pixmap.obj)' or at 'E:\Documents\_School\ECE402\FLTK_PDEViewer\Debug\vc100.pdb'; linking object as if no debug info
     1>fltkd.lib(fl_plastic.obj) : warning LNK4099: PDB 'vc100.pdb' was not found with 'fltkd.lib(fl_plastic.obj)' or at 'E:\Documents\_School\ECE402\FLTK_PDEViewer\Debug\vc100.pdb'; linking object as if no debug info
     1>fltkd.lib(Fl_Preferences.obj) : warning LNK4099: PDB 'vc100.pdb' was not found with 'fltkd.lib(Fl_Preferences.obj)' or at 'E:\Documents\_School\ECE402\FLTK_PDEViewer\Debug\vc100.pdb'; linking object as if no debug info
     1>fltkd.lib(fl_read_image.obj) : warning LNK4099: PDB 'vc100.pdb' was not found with 'fltkd.lib(fl_read_image.obj)' or at 'E:\Documents\_School\ECE402\FLTK_PDEViewer\Debug\vc100.pdb'; linking object as if no debug info
     1>fltkd.lib(fl_rect.obj) : warning LNK4099: PDB 'vc100.pdb' was not found with 'fltkd.lib(fl_rect.obj)' or at 'E:\Documents\_School\ECE402\FLTK_PDEViewer\Debug\vc100.pdb'; linking object as if no debug info
     1>fltkd.lib(Fl_Repeat_Button.obj) : warning LNK4099: PDB 'vc100.pdb' was not found with 'fltkd.lib(Fl_Repeat_Button.obj)' or at 'E:\Documents\_School\ECE402\FLTK_PDEViewer\Debug\vc100.pdb'; linking object as if no debug info
     1>fltkd.lib(Fl_Return_Button.obj) : warning LNK4099: PDB 'vc100.pdb' was not found with 'fltkd.lib(Fl_Return_Button.obj)' or at 'E:\Documents\_School\ECE402\FLTK_PDEViewer\Debug\vc100.pdb'; linking object as if no debug info
     1>fltkd.lib(fl_round_box.obj) : warning LNK4099: PDB 'vc100.pdb' was not found with 'fltkd.lib(fl_round_box.obj)' or at 'E:\Documents\_School\ECE402\FLTK_PDEViewer\Debug\vc100.pdb'; linking object as if no debug info
     1>fltkd.lib(Fl_Scrollbar.obj) : warning LNK4099: PDB 'vc100.pdb' was not found with 'fltkd.lib(Fl_Scrollbar.obj)' or at 'E:\Documents\_School\ECE402\FLTK_PDEViewer\Debug\vc100.pdb'; linking object as if no debug info
     1>fltkd.lib(Fl_Shared_Image.obj) : warning LNK4099: PDB 'vc100.pdb' was not found with 'fltkd.lib(Fl_Shared_Image.obj)' or at 'E:\Documents\_School\ECE402\FLTK_PDEViewer\Debug\vc100.pdb'; linking object as if no debug info
     1>fltkd.lib(fl_shortcut.obj) : warning LNK4099: PDB 'vc100.pdb' was not found with 'fltkd.lib(fl_shortcut.obj)' or at 'E:\Documents\_School\ECE402\FLTK_PDEViewer\Debug\vc100.pdb'; linking object as if no debug info
     1>fltkd.lib(Fl_Single_Window.obj) : warning LNK4099: PDB 'vc100.pdb' was not found with 'fltkd.lib(Fl_Single_Window.obj)' or at 'E:\Documents\_School\ECE402\FLTK_PDEViewer\Debug\vc100.pdb'; linking object as if no debug info
     1>fltkd.lib(Fl_Slider.obj) : warning LNK4099: PDB 'vc100.pdb' was not found with 'fltkd.lib(Fl_Slider.obj)' or at 'E:\Documents\_School\ECE402\FLTK_PDEViewer\Debug\vc100.pdb'; linking object as if no debug info
     1>fltkd.lib(fl_symbols.obj) : warning LNK4099: PDB 'vc100.pdb' was not found with 'fltkd.lib(fl_symbols.obj)' or at 'E:\Documents\_School\ECE402\FLTK_PDEViewer\Debug\vc100.pdb'; linking object as if no debug info
     1>fltkd.lib(Fl_Text_Buffer.obj) : warning LNK4099: PDB 'vc100.pdb' was not found with 'fltkd.lib(Fl_Text_Buffer.obj)' or at 'E:\Documents\_School\ECE402\FLTK_PDEViewer\Debug\vc100.pdb'; linking object as if no debug info
     1>fltkd.lib(Fl_Text_Display.obj) : warning LNK4099: PDB 'vc100.pdb' was not found with 'fltkd.lib(Fl_Text_Display.obj)' or at 'E:\Documents\_School\ECE402\FLTK_PDEViewer\Debug\vc100.pdb'; linking object as if no debug info
     1>fltkd.lib(Fl_Tile.obj) : warning LNK4099: PDB 'vc100.pdb' was not found with 'fltkd.lib(Fl_Tile.obj)' or at 'E:\Documents\_School\ECE402\FLTK_PDEViewer\Debug\vc100.pdb'; linking object as if no debug info
     1>fltkd.lib(Fl_Tiled_Image.obj) : warning LNK4099: PDB 'vc100.pdb' was not found with 'fltkd.lib(Fl_Tiled_Image.obj)' or at 'E:\Documents\_School\ECE402\FLTK_PDEViewer\Debug\vc100.pdb'; linking object as if no debug info
     1>fltkd.lib(Fl_Tooltip.obj) : warning LNK4099: PDB 'vc100.pdb' was not found with 'fltkd.lib(Fl_Tooltip.obj)' or at 'E:\Documents\_School\ECE402\FLTK_PDEViewer\Debug\vc100.pdb'; linking object as if no debug info
     1>fltkd.lib(fl_utf.obj) : warning LNK4099: PDB 'vc100.pdb' was not found with 'fltkd.lib(fl_utf.obj)' or at 'E:\Documents\_School\ECE402\FLTK_PDEViewer\Debug\vc100.pdb'; linking object as if no debug info
     1>fltkd.lib(fl_utf8.obj) : warning LNK4099: PDB 'vc100.pdb' was not found with 'fltkd.lib(fl_utf8.obj)' or at 'E:\Documents\_School\ECE402\FLTK_PDEViewer\Debug\vc100.pdb'; linking object as if no debug info
     1>fltkd.lib(Fl_Valuator.obj) : warning LNK4099: PDB 'vc100.pdb' was not found with 'fltkd.lib(Fl_Valuator.obj)' or at 'E:\Documents\_School\ECE402\FLTK_PDEViewer\Debug\vc100.pdb'; linking object as if no debug info
     1>fltkd.lib(fl_vertex.obj) : warning LNK4099: PDB 'vc100.pdb' was not found with 'fltkd.lib(fl_vertex.obj)' or at 'E:\Documents\_School\ECE402\FLTK_PDEViewer\Debug\vc100.pdb'; linking object as if no debug info
     1>fltkd.lib(Fl_Widget.obj) : warning LNK4099: PDB 'vc100.pdb' was not found with 'fltkd.lib(Fl_Widget.obj)' or at 'E:\Documents\_School\ECE402\FLTK_PDEViewer\Debug\vc100.pdb'; linking object as if no debug info
     1>fltkd.lib(Fl_Window.obj) : warning LNK4099: PDB 'vc100.pdb' was not found with 'fltkd.lib(Fl_Window.obj)' or at 'E:\Documents\_School\ECE402\FLTK_PDEViewer\Debug\vc100.pdb'; linking object as if no debug info
     1>fltkd.lib(Fl_Window_hotspot.obj) : warning LNK4099: PDB 'vc100.pdb' was not found with 'fltkd.lib(Fl_Window_hotspot.obj)' or at 'E:\Documents\_School\ECE402\FLTK_PDEViewer\Debug\vc100.pdb'; linking object as if no debug info
     1>fltkd.lib(Fl_XBM_Image.obj) : warning LNK4099: PDB 'vc100.pdb' was not found with 'fltkd.lib(Fl_XBM_Image.obj)' or at 'E:\Documents\_School\ECE402\FLTK_PDEViewer\Debug\vc100.pdb'; linking object as if no debug info
     1>fltkd.lib(Fl_XPM_Image.obj) : warning LNK4099: PDB 'vc100.pdb' was not found with 'fltkd.lib(Fl_XPM_Image.obj)' or at 'E:\Documents\_School\ECE402\FLTK_PDEViewer\Debug\vc100.pdb'; linking object as if no debug info
     1>fltkd.lib(flstring.obj) : warning LNK4099: PDB 'vc100.pdb' was not found with 'fltkd.lib(flstring.obj)' or at 'E:\Documents\_School\ECE402\FLTK_PDEViewer\Debug\vc100.pdb'; linking object as if no debug info
     1>fltkd.lib(is_spacing.obj) : warning LNK4099: PDB 'vc100.pdb' was not found with 'fltkd.lib(is_spacing.obj)' or at 'E:\Documents\_School\ECE402\FLTK_PDEViewer\Debug\vc100.pdb'; linking object as if no debug info
     1>fltkd.lib(numericsort.obj) : warning LNK4099: PDB 'vc100.pdb' was not found with 'fltkd.lib(numericsort.obj)' or at 'E:\Documents\_School\ECE402\FLTK_PDEViewer\Debug\vc100.pdb'; linking object as if no debug info
     1>fltkd.lib(scandir.obj) : warning LNK4099: PDB 'vc100.pdb' was not found with 'fltkd.lib(scandir.obj)' or at 'E:\Documents\_School\ECE402\FLTK_PDEViewer\Debug\vc100.pdb'; linking object as if no debug info
     1>fltkd.lib(screen_xywh.obj) : warning LNK4099: PDB 'vc100.pdb' was not found with 'fltkd.lib(screen_xywh.obj)' or at 'E:\Documents\_School\ECE402\FLTK_PDEViewer\Debug\vc100.pdb'; linking object as if no debug info
     1>fltkd.lib(vsnprintf.obj) : warning LNK4099: PDB 'vc100.pdb' was not found with 'fltkd.lib(vsnprintf.obj)' or at 'E:\Documents\_School\ECE402\FLTK_PDEViewer\Debug\vc100.pdb'; linking object as if no debug info
         PDEViewer.vcxproj -> E:\Documents\_School\ECE402\FLTK_PDEViewer\Debug\PDEViewer.exe
     1>Done Building Project "E:\Documents\_School\ECE402\FLTK_PDEViewer\PDEViewer\PDEViewer.vcxproj" (Build target(s)).

Build succeeded.

Time Elapsed 00:00:02.43
