Build started 10/11/2014 2:46:26 PM.
     1>Project "C:\Users\Gensh\Documents\_School\ECE402\FLTK_PDEViewer\fltk-1.3.2\ide\VisualC2010\help.vcxproj" on node 3 (build target(s)).
     1>InitializeBuildStatus:
         Creating ".\help_debug\help.unsuccessfulbuild" because "AlwaysCreate" was specified.
       ClCompile:
         c:\Program Files (x86)\Microsoft Visual Studio 10.0\VC\bin\CL.exe /c /I. /I..\..\zlib /I..\..\png /I..\..\jpeg /I../.. /Zi /nologo /W1 /WX- /Od /Oy- /D _CRT_SECURE_NO_DEPRECATE /D WIN32 /D _DEBUG /D _WINDOWS /D WIN32_LEAN_AND_MEAN /D VC_EXTRA_LEAN /D WIN32_EXTRA_LEAN /D _VC80_UPGRADE=0x0710 /Gm- /EHsc /MDd /GS /fp:precise /Zc:wchar_t /Zc:forScope /Fo".\help_debug\\" /Fd".\help_debug\vc100.pdb" /Gd /TP /analyze- /errorReport:prompt ..\..\test\help.cxx
         help.cxx
       Link:
         c:\Program Files (x86)\Microsoft Visual Studio 10.0\VC\bin\link.exe /ERRORREPORT:PROMPT /OUT:"../../test/helpd.exe" /INCREMENTAL:NO /NOLOGO /LIBPATH:..\..\lib comctl32.lib kernel32.lib user32.lib gdi32.lib winspool.lib comdlg32.lib advapi32.lib shell32.lib ole32.lib oleaut32.lib uuid.lib odbc32.lib odbccp32.lib /NODEFAULTLIB:libcmtd /MANIFEST /ManifestFile:".\help_debug\helpd.exe.intermediate.manifest" /MANIFESTUAC:"level='asInvoker' uiAccess='false'" /DEBUG /PDB:".\help_debug\helpd.pdb" /SUBSYSTEM:WINDOWS /TLBID:1 /DYNAMICBASE:NO /IMPLIB:"..\..\test\helpd.lib" /MACHINE:X86 .\help_debug\help.obj
         "C:\Users\Gensh\Documents\_School\ECE402\FLTK_PDEViewer\fltk-1.3.2\lib\fltkd.lib"
         "C:\Users\Gensh\Documents\_School\ECE402\FLTK_PDEViewer\fltk-1.3.2\lib\fltkimagesd.lib"
         "C:\Users\Gensh\Documents\_School\ECE402\FLTK_PDEViewer\fltk-1.3.2\lib\fltkjpegd.lib"
         "C:\Users\Gensh\Documents\_School\ECE402\FLTK_PDEViewer\fltk-1.3.2\lib\fltkpngd.lib"
         "C:\Users\Gensh\Documents\_School\ECE402\FLTK_PDEViewer\fltk-1.3.2\lib\fltkzlibd.lib"
         help.vcxproj -> C:\Users\Gensh\Documents\_School\ECE402\FLTK_PDEViewer\fltk-1.3.2\ide\VisualC2010\..\..\test\helpd.exe
       Manifest:
         C:\Program Files (x86)\Microsoft SDKs\Windows\v7.0A\bin\mt.exe /nologo /verbose /outputresource:"../../test/helpd.exe;#1" /manifest .\help_debug\helpd.exe.intermediate.manifest
       CopyFilesToOutputDirectory:
         Copying file from ".\help_debug\helpd.pdb" to "..\..\test\helpd.pdb".
       FinalizeBuildStatus:
         Deleting file ".\help_debug\help.unsuccessfulbuild".
         Touching ".\help_debug\help.lastbuildstate".
     1>Done Building Project "C:\Users\Gensh\Documents\_School\ECE402\FLTK_PDEViewer\fltk-1.3.2\ide\VisualC2010\help.vcxproj" (build target(s)).

Build succeeded.

Time Elapsed 00:00:06.01
